[ 2025-07-08 17:55:57,657 ] 18 root - INFO - Data ingestion started
[ 2025-07-08 17:55:57,657 ] 53 root - INFO - Entered initiate_data_ingestion method of Data_Ingestion class
[ 2025-07-08 17:55:58,726 ] 58 root - INFO - Got the data from mongodb
[ 2025-07-08 17:55:58,727 ] 63 root - INFO - Exporting collection to Artifacts/07_08_2025_17_55_57/data_ingestion/feature_store
[ 2025-07-08 17:55:58,762 ] 68 root - INFO - Exported collection data as csv file
[ 2025-07-08 17:55:58,762 ] 76 root - INFO - Exporting train dataset to file: [Artifacts/07_08_2025_17_55_57/data_ingestion/ingested/train.csv]
[ 2025-07-08 17:55:58,788 ] 78 root - INFO - Exporting test dataset to file: [Artifacts/07_08_2025_17_55_57/data_ingestion/ingested/test.csv]
[ 2025-07-08 17:55:58,795 ] 80 root - INFO - Exported train and test dataset
[ 2025-07-08 17:55:58,795 ] 86 root - INFO - Data ingestion artifact: DataIngestionArtifact(trained_file_path='Artifacts/07_08_2025_17_55_57/data_ingestion/ingested/train.csv', test_file_path='Artifacts/07_08_2025_17_55_57/data_ingestion/ingested/test.csv')
[ 2025-07-08 17:55:58,795 ] 20 root - INFO - Data ingestion completed
[ 2025-07-08 17:55:58,798 ] 25 root - INFO - Data validation started
[ 2025-07-08 17:55:58,807 ] 30 root - INFO - Number of columns: 31
[ 2025-07-08 17:55:58,807 ] 31 root - INFO - Dataframe has 31 columns
[ 2025-07-08 17:55:58,807 ] 30 root - INFO - Number of columns: 31
[ 2025-07-08 17:55:58,807 ] 31 root - INFO - Dataframe has 31 columns
[ 2025-07-08 17:55:58,905 ] 27 root - INFO - Data validation completed
[ 2025-07-08 17:55:58,905 ] 39 root - ERROR - module 'networksecurity.constant.training_pipeline' has no attribute 'TRANSFORMED_TRAIN_DIR_NAME'
Traceback (most recent call last):
  File "/Users/abhisheksuresh/Documents/networksecurity/main.py", line 30, in <module>
    data_transformation_config=DataTransformationConfig(training_pipeline_config=training_pipeline_config)
  File "/Users/abhisheksuresh/Documents/networksecurity/networksecurity/entity/config_entity.py", line 40, in __init__
    self.transformed_train_dir:str=os.path.join(self.data_transformation_dir,training_pipeline.DATA_TRANSFORMATION_TRANSFORMED_DIR,training_pipeline.TRANSFORMED_TRAIN_DIR_NAME)
AttributeError: module 'networksecurity.constant.training_pipeline' has no attribute 'TRANSFORMED_TRAIN_DIR_NAME'
